> SEEDING DONE
none:  foldsensemble/tf_efficientnetv2_b2_fold_3_model_epoch_6_0.4648_0.444.pth
hehe foldsensemble/tf_efficientnetv2_b2_fold_3_model_epoch_8_0.4471_0.371.pth
0.15961046020329558 0.8403895397967044

Val: 100%|██████████| 171/171 [15:20<00:00,  5.38s/it, eval_loss=0.0911, gpu_mem=7.78 GB]
Valid loss:0.0911
Val metric mean prob: 0.2682
Best metric at: 0.4667 0.4420  0.6897
Cf: [[4647   24]
 [  56   35]]
[I 2023-02-17 03:35:37,036] Trial 0 finished with value: 0.46666666666666673 and parameters: {'a1': 0.15961046020329558}. Best is trial 0 with value: 0.46666666666666673.
none:  foldsensemble/tf_efficientnetv2_b2_fold_3_model_epoch_6_0.4648_0.444.pth
hehe foldsensemble/tf_efficientnetv2_b2_fold_3_model_epoch_8_0.4471_0.371.pth
0.3063094775133708 0.6936905224866292

Val: 100%|██████████| 171/171 [04:19<00:00,  1.52s/it, eval_loss=0.0910, gpu_mem=7.78 GB]
Valid loss:0.0910
Val metric mean prob: 0.2687
Best metric at: 0.4690 0.4640  0.6847
Cf: [[4651   20]
 [  57   34]]
[I 2023-02-17 03:40:22,870] Trial 1 finished with value: 0.46896551724137925 and parameters: {'a1': 0.3063094775133708}. Best is trial 1 with value: 0.46896551724137925.
none:  foldsensemble/tf_efficientnetv2_b2_fold_3_model_epoch_6_0.4648_0.444.pth
hehe foldsensemble/tf_efficientnetv2_b2_fold_3_model_epoch_8_0.4471_0.371.pth
0.07079568642027076 0.9292043135797292

Val: 100%|██████████| 171/171 [03:01<00:00,  1.06s/it, eval_loss=0.0913, gpu_mem=7.78 GB]
Valid loss:0.0913
Val metric mean prob: 0.2659
Best metric at: 0.4588 0.3800  0.7100
Cf: [[4631   40]
 [  52   39]]
[I 2023-02-17 03:43:40,529] Trial 2 finished with value: 0.45882352941176474 and parameters: {'a1': 0.07079568642027076}. Best is trial 1 with value: 0.46896551724137925.
none:  foldsensemble/tf_efficientnetv2_b2_fold_3_model_epoch_6_0.4648_0.444.pth
hehe foldsensemble/tf_efficientnetv2_b2_fold_3_model_epoch_8_0.4471_0.371.pth
0.46066313477678944 0.5393368652232106

Val: 100%|██████████| 171/171 [03:04<00:00,  1.08s/it, eval_loss=0.0908, gpu_mem=7.78 GB]
Valid loss:0.0908
Val metric mean prob: 0.2656
Best metric at: 0.4789 0.4770  0.6850
Cf: [[4654   17]
 [  57   34]]
[I 2023-02-17 03:47:00,940] Trial 3 finished with value: 0.4788732394366198 and parameters: {'a1': 0.46066313477678944}. Best is trial 3 with value: 0.4788732394366198.
none:  foldsensemble/tf_efficientnetv2_b2_fold_3_model_epoch_6_0.4648_0.444.pth
hehe foldsensemble/tf_efficientnetv2_b2_fold_3_model_epoch_8_0.4471_0.371.pth
0.8285483167488757 0.17145168325112425

Val: 100%|██████████| 171/171 [03:04<00:00,  1.08s/it, eval_loss=0.0899, gpu_mem=7.78 GB]
Valid loss:0.0899
Val metric mean prob: 0.2492
Best metric at: 0.4755 0.4500  0.6849
Cf: [[4653   18]
 [  57   34]]
[I 2023-02-17 03:50:21,542] Trial 4 finished with value: 0.4755244755244756 and parameters: {'a1': 0.8285483167488757}. Best is trial 3 with value: 0.4788732394366198.
none:  foldsensemble/tf_efficientnetv2_b2_fold_3_model_epoch_6_0.4648_0.444.pth
hehe foldsensemble/tf_efficientnetv2_b2_fold_3_model_epoch_8_0.4471_0.371.pth
0.9184571067948968 0.08154289320510322

Val: 100%|██████████| 171/171 [03:03<00:00,  1.07s/it, eval_loss=0.0898, gpu_mem=7.78 GB]
Valid loss:0.0898
Val metric mean prob: 0.2431
Best metric at: 0.4658 0.4310  0.6846
Cf: [[4650   21]
 [  57   34]]
[I 2023-02-17 03:53:36,522] Trial 5 finished with value: 0.4657534246575342 and parameters: {'a1': 0.9184571067948968}. Best is trial 3 with value: 0.4788732394366198.
none:  foldsensemble/tf_efficientnetv2_b2_fold_3_model_epoch_6_0.4648_0.444.pth
hehe foldsensemble/tf_efficientnetv2_b2_fold_3_model_epoch_8_0.4471_0.371.pth
0.7224492046326887 0.2775507953673113

Val: 100%|██████████| 171/171 [03:03<00:00,  1.07s/it, eval_loss=0.0903, gpu_mem=7.78 GB]
Valid loss:0.0903
Val metric mean prob: 0.2549
Best metric at: 0.4832 0.4470  0.6954
Cf: [[4649   22]
 [  55   36]]
[I 2023-02-17 03:56:51,540] Trial 6 finished with value: 0.4832214765100671 and parameters: {'a1': 0.7224492046326887}. Best is trial 6 with value: 0.4832214765100671.
none:  foldsensemble/tf_efficientnetv2_b2_fold_3_model_epoch_6_0.4648_0.444.pth
hehe foldsensemble/tf_efficientnetv2_b2_fold_3_model_epoch_8_0.4471_0.371.pth
0.7631262974822319 0.23687370251776807

Val: 100%|██████████| 171/171 [03:03<00:00,  1.07s/it, eval_loss=0.0902, gpu_mem=7.78 GB]
Valid loss:0.0902
Val metric mean prob: 0.2528
Best metric at: 0.4828 0.4560  0.6903
Cf: [[4652   19]
 [  56   35]]
[I 2023-02-17 04:00:06,223] Trial 7 finished with value: 0.4827586206896552 and parameters: {'a1': 0.7631262974822319}. Best is trial 6 with value: 0.4832214765100671.
none:  foldsensemble/tf_efficientnetv2_b2_fold_3_model_epoch_6_0.4648_0.444.pth
hehe foldsensemble/tf_efficientnetv2_b2_fold_3_model_epoch_8_0.4471_0.371.pth
0.27382096514274934 0.7261790348572507

Val: 100%|██████████| 171/171 [03:00<00:00,  1.06s/it, eval_loss=0.0910, gpu_mem=7.78 GB]
Valid loss:0.0910
Val metric mean prob: 0.2689
Best metric at: 0.4658 0.4510  0.6846
Cf: [[4650   21]
 [  57   34]]
[I 2023-02-17 04:03:18,090] Trial 8 finished with value: 0.4657534246575342 and parameters: {'a1': 0.27382096514274934}. Best is trial 6 with value: 0.4832214765100671.
none:  foldsensemble/tf_efficientnetv2_b2_fold_3_model_epoch_6_0.4648_0.444.pth
hehe foldsensemble/tf_efficientnetv2_b2_fold_3_model_epoch_8_0.4471_0.371.pth
0.6411487062295695 0.35885129377043046

Val: 100%|██████████| 171/171 [03:06<00:00,  1.09s/it, eval_loss=0.0905, gpu_mem=7.78 GB]
Valid loss:0.0905
Val metric mean prob: 0.2590
Best metric at: 0.4898 0.4530  0.6957
Cf: [[4651   20]
 [  55   36]]
[I 2023-02-17 04:06:35,699] Trial 9 finished with value: 0.48979591836734687 and parameters: {'a1': 0.6411487062295695}. Best is trial 9 with value: 0.48979591836734687.
none:  foldsensemble/tf_efficientnetv2_b2_fold_3_model_epoch_6_0.4648_0.444.pth
hehe foldsensemble/tf_efficientnetv2_b2_fold_3_model_epoch_8_0.4471_0.371.pth
0.5945645740137003 0.40543542598629967

Val: 100%|██████████| 171/171 [03:03<00:00,  1.07s/it, eval_loss=0.0907, gpu_mem=7.78 GB]
Valid loss:0.0907
Val metric mean prob: 0.2606
Best metric at: 0.4898 0.4560  0.6957
Cf: [[4651   20]
 [  55   36]]
[I 2023-02-17 04:09:50,070] Trial 10 finished with value: 0.48979591836734687 and parameters: {'a1': 0.5945645740137003}. Best is trial 9 with value: 0.48979591836734687.
none:  foldsensemble/tf_efficientnetv2_b2_fold_3_model_epoch_6_0.4648_0.444.pth
hehe foldsensemble/tf_efficientnetv2_b2_fold_3_model_epoch_8_0.4471_0.371.pth
0.5912964290611797 0.40870357093882026

Val: 100%|██████████| 171/171 [03:03<00:00,  1.07s/it, eval_loss=0.0907, gpu_mem=7.78 GB]
Valid loss:0.0907
Val metric mean prob: 0.2608
Best metric at: 0.4898 0.4570  0.6957
Cf: [[4651   20]
 [  55   36]]
[I 2023-02-17 04:13:04,427] Trial 11 finished with value: 0.48979591836734687 and parameters: {'a1': 0.5912964290611797}. Best is trial 9 with value: 0.48979591836734687.
none:  foldsensemble/tf_efficientnetv2_b2_fold_3_model_epoch_6_0.4648_0.444.pth
hehe foldsensemble/tf_efficientnetv2_b2_fold_3_model_epoch_8_0.4471_0.371.pth
0.6046733275307165 0.39532667246928355

Val: 100%|██████████| 171/171 [03:03<00:00,  1.08s/it, eval_loss=0.0906, gpu_mem=7.78 GB]
Valid loss:0.0906
Val metric mean prob: 0.2602
Best metric at: 0.4898 0.4560  0.6957
Cf: [[4651   20]
 [  55   36]]
[I 2023-02-17 04:16:19,915] Trial 12 finished with value: 0.48979591836734687 and parameters: {'a1': 0.6046733275307165}. Best is trial 9 with value: 0.48979591836734687.
none:  foldsensemble/tf_efficientnetv2_b2_fold_3_model_epoch_6_0.4648_0.444.pth
hehe foldsensemble/tf_efficientnetv2_b2_fold_3_model_epoch_8_0.4471_0.371.pth
0.46592143599044694 0.5340785640095531

Val: 100%|██████████| 171/171 [03:03<00:00,  1.07s/it, eval_loss=0.0908, gpu_mem=7.78 GB]
Valid loss:0.0908
Val metric mean prob: 0.2654
Best metric at: 0.4789 0.4770  0.6850
Cf: [[4654   17]
 [  57   34]]
[I 2023-02-17 04:19:34,403] Trial 13 finished with value: 0.4788732394366198 and parameters: {'a1': 0.46592143599044694}. Best is trial 9 with value: 0.48979591836734687.
none:  foldsensemble/tf_efficientnetv2_b2_fold_3_model_epoch_6_0.4648_0.444.pth
hehe foldsensemble/tf_efficientnetv2_b2_fold_3_model_epoch_8_0.4471_0.371.pth
0.6481791361434424 0.35182086385655764

Val: 100%|██████████| 171/171 [03:03<00:00,  1.08s/it, eval_loss=0.0905, gpu_mem=7.78 GB]
Valid loss:0.0905
Val metric mean prob: 0.2586
Best metric at: 0.4898 0.4530  0.6957
Cf: [[4651   20]
 [  55   36]]
[I 2023-02-17 04:22:49,662] Trial 14 finished with value: 0.48979591836734687 and parameters: {'a1': 0.6481791361434424}. Best is trial 9 with value: 0.48979591836734687.
none:  foldsensemble/tf_efficientnetv2_b2_fold_3_model_epoch_6_0.4648_0.444.pth
hehe foldsensemble/tf_efficientnetv2_b2_fold_3_model_epoch_8_0.4471_0.371.pth
0.964568882492399 0.03543111750760097

Val: 100%|██████████| 171/171 [03:05<00:00,  1.09s/it, eval_loss=0.0897, gpu_mem=7.78 GB]
Valid loss:0.0897
Val metric mean prob: 0.2398
Best metric at: 0.4658 0.4260  0.6846
Cf: [[4650   21]
 [  57   34]]
[I 2023-02-17 04:26:06,701] Trial 15 finished with value: 0.4657534246575342 and parameters: {'a1': 0.964568882492399}. Best is trial 9 with value: 0.48979591836734687.
none:  foldsensemble/tf_efficientnetv2_b2_fold_3_model_epoch_6_0.4648_0.444.pth
hehe foldsensemble/tf_efficientnetv2_b2_fold_3_model_epoch_8_0.4471_0.371.pth
0.5225924313489088 0.47740756865109124

Val: 100%|██████████| 171/171 [03:04<00:00,  1.08s/it, eval_loss=0.0907, gpu_mem=7.78 GB]
Valid loss:0.0907
Val metric mean prob: 0.2636
Best metric at: 0.4800 0.4460  0.6953
Cf: [[4648   23]
 [  55   36]]
[I 2023-02-17 04:29:22,225] Trial 16 finished with value: 0.48 and parameters: {'a1': 0.5225924313489088}. Best is trial 9 with value: 0.48979591836734687.
none:  foldsensemble/tf_efficientnetv2_b2_fold_3_model_epoch_6_0.4648_0.444.pth
hehe foldsensemble/tf_efficientnetv2_b2_fold_3_model_epoch_8_0.4471_0.371.pth
0.6975737350681557 0.3024262649318443

Val: 100%|██████████| 171/171 [03:01<00:00,  1.06s/it, eval_loss=0.0903, gpu_mem=7.78 GB]
Valid loss:0.0903
Val metric mean prob: 0.2563
Best metric at: 0.4898 0.4510  0.6957
Cf: [[4651   20]
 [  55   36]]
[I 2023-02-17 04:32:35,809] Trial 17 finished with value: 0.48979591836734687 and parameters: {'a1': 0.6975737350681557}. Best is trial 9 with value: 0.48979591836734687.
none:  foldsensemble/tf_efficientnetv2_b2_fold_3_model_epoch_6_0.4648_0.444.pth
hehe foldsensemble/tf_efficientnetv2_b2_fold_3_model_epoch_8_0.4471_0.371.pth
0.843881836399474 0.156118163600526

Val: 100%|██████████| 171/171 [03:03<00:00,  1.08s/it, eval_loss=0.0900, gpu_mem=7.78 GB]
Valid loss:0.0900
Val metric mean prob: 0.2482
Best metric at: 0.4755 0.4500  0.6849
Cf: [[4653   18]
 [  57   34]]
[I 2023-02-17 04:35:51,548] Trial 18 finished with value: 0.4755244755244756 and parameters: {'a1': 0.843881836399474}. Best is trial 9 with value: 0.48979591836734687.
none:  foldsensemble/tf_efficientnetv2_b2_fold_3_model_epoch_6_0.4648_0.444.pth
hehe foldsensemble/tf_efficientnetv2_b2_fold_3_model_epoch_8_0.4471_0.371.pth
0.5394781467916512 0.4605218532083488

Val: 100%|██████████| 171/171 [03:03<00:00,  1.07s/it, eval_loss=0.0907, gpu_mem=7.78 GB]
Valid loss:0.0907
Val metric mean prob: 0.2631
Best metric at: 0.4832 0.4540  0.6954
Cf: [[4649   22]
 [  55   36]]
[I 2023-02-17 04:39:06,167] Trial 19 finished with value: 0.4832214765100671 and parameters: {'a1': 0.5394781467916512}. Best is trial 9 with value: 0.48979591836734687.
none:  foldsensemble/tf_efficientnetv2_b2_fold_3_model_epoch_6_0.4648_0.444.pth
hehe foldsensemble/tf_efficientnetv2_b2_fold_3_model_epoch_8_0.4471_0.371.pth
0.3798338419610407 0.6201661580389592

Val: 100%|██████████| 171/171 [03:05<00:00,  1.09s/it, eval_loss=0.0909, gpu_mem=7.78 GB]
Valid loss:0.0909
Val metric mean prob: 0.2676
Best metric at: 0.4722 0.4710  0.6848
Cf: [[4652   19]
 [  57   34]]
[I 2023-02-17 04:42:23,628] Trial 20 finished with value: 0.47222222222222227 and parameters: {'a1': 0.3798338419610407}. Best is trial 9 with value: 0.48979591836734687.
none:  foldsensemble/tf_efficientnetv2_b2_fold_3_model_epoch_6_0.4648_0.444.pth
hehe foldsensemble/tf_efficientnetv2_b2_fold_3_model_epoch_8_0.4471_0.371.pth
0.5938356158030484 0.40616438419695156

Val: 100%|██████████| 171/171 [03:05<00:00,  1.08s/it, eval_loss=0.0907, gpu_mem=7.78 GB]
Valid loss:0.0907
Val metric mean prob: 0.2607
Best metric at: 0.4898 0.4560  0.6957
Cf: [[4651   20]
 [  55   36]]
[I 2023-02-17 04:45:40,603] Trial 21 finished with value: 0.48979591836734687 and parameters: {'a1': 0.5938356158030484}. Best is trial 9 with value: 0.48979591836734687.
none:  foldsensemble/tf_efficientnetv2_b2_fold_3_model_epoch_6_0.4648_0.444.pth
hehe foldsensemble/tf_efficientnetv2_b2_fold_3_model_epoch_8_0.4471_0.371.pth
0.6405479071674199 0.35945209283258006

Val: 100%|██████████| 171/171 [03:03<00:00,  1.07s/it, eval_loss=0.0905, gpu_mem=7.78 GB]
Valid loss:0.0905
Val metric mean prob: 0.2591
Best metric at: 0.4898 0.4530  0.6957
Cf: [[4651   20]
 [  55   36]]
[I 2023-02-17 04:48:55,629] Trial 22 finished with value: 0.48979591836734687 and parameters: {'a1': 0.6405479071674199}. Best is trial 9 with value: 0.48979591836734687.
none:  foldsensemble/tf_efficientnetv2_b2_fold_3_model_epoch_6_0.4648_0.444.pth
hehe foldsensemble/tf_efficientnetv2_b2_fold_3_model_epoch_8_0.4471_0.371.pth
0.5566923712020104 0.4433076287979896

Val: 100%|██████████| 171/171 [03:03<00:00,  1.07s/it, eval_loss=0.0907, gpu_mem=7.78 GB]
Valid loss:0.0907
Val metric mean prob: 0.2624
Best metric at: 0.4865 0.4560  0.6956
Cf: [[4650   21]
 [  55   36]]
[I 2023-02-17 04:52:10,181] Trial 23 finished with value: 0.48648648648648646 and parameters: {'a1': 0.5566923712020104}. Best is trial 9 with value: 0.48979591836734687.
none:  foldsensemble/tf_efficientnetv2_b2_fold_3_model_epoch_6_0.4648_0.444.pth
hehe foldsensemble/tf_efficientnetv2_b2_fold_3_model_epoch_8_0.4471_0.371.pth
0.7068650646103731 0.29313493538962687

Val: 100%|██████████| 171/171 [03:04<00:00,  1.08s/it, eval_loss=0.0903, gpu_mem=7.78 GB]
Valid loss:0.0903
Val metric mean prob: 0.2559
Best metric at: 0.4832 0.4470  0.6954
Cf: [[4649   22]
 [  55   36]]
[I 2023-02-17 04:55:25,756] Trial 24 finished with value: 0.4832214765100671 and parameters: {'a1': 0.7068650646103731}. Best is trial 9 with value: 0.48979591836734687.
none:  foldsensemble/tf_efficientnetv2_b2_fold_3_model_epoch_6_0.4648_0.444.pth
hehe foldsensemble/tf_efficientnetv2_b2_fold_3_model_epoch_8_0.4471_0.371.pth
0.47288703521156134 0.5271129647884387

Val: 100%|██████████| 171/171 [03:04<00:00,  1.08s/it, eval_loss=0.0908, gpu_mem=7.78 GB]
Valid loss:0.0908
Val metric mean prob: 0.2651
Best metric at: 0.4789 0.4780  0.6850
Cf: [[4654   17]
 [  57   34]]
[I 2023-02-17 04:58:45,965] Trial 25 finished with value: 0.4788732394366198 and parameters: {'a1': 0.47288703521156134}. Best is trial 9 with value: 0.48979591836734687.
none:  foldsensemble/tf_efficientnetv2_b2_fold_3_model_epoch_6_0.4648_0.444.pth
hehe foldsensemble/tf_efficientnetv2_b2_fold_3_model_epoch_8_0.4471_0.371.pth
0.6102827168505991 0.3897172831494009




NEW ENSEMBLE
[I 2023-02-17 05:08:14,185] A new study created in memory with name: no-name-0589810f-5d67-401f-aeae-a8a86f0cbd16
> SEEDING DONE
none:  foldsensemble/tf_efficientnetv2_b2_fold_3_model_epoch_6_0.4648_0.444.pth
hehe foldsensemble/tf_efficientnetv2_b2_fold_3_model_epoch_8_0.4471_0.371.pth
noob foldsensemble/tf_efficientnetv2_b2_fold_3_model_epoch_7_0.4192_0.270.pth
noob foldsensemble/tf_efficientnetv2_b2_fold_3_model_epoch_4_0.4103_0.343.pth
0.15961046020329558 0.2544228545281512 0.03713340310827953 0.5488332821602737

Val: 100%|██████████| 171/171 [03:05<00:00,  1.09s/it, eval_loss=0.0857, gpu_mem=8.68 GB]
Valid loss:0.0857
Val metric mean prob: 0.2401
Best metric at: 0.4379 0.3910  0.6989
Cf: [[4630   41]
 [  54   37]]
[I 2023-02-17 05:11:46,375] Trial 0 finished with value: 0.4378698224852071 and parameters: {'a1': 0.15961046020329558, 'a2': 0.2544228545281512, 'a3': 0.03713340310827953}. Best is trial 0 with value: 0.4378698224852071.
none:  foldsensemble/tf_efficientnetv2_b2_fold_3_model_epoch_6_0.4648_0.444.pth
hehe foldsensemble/tf_efficientnetv2_b2_fold_3_model_epoch_8_0.4471_0.371.pth
noob foldsensemble/tf_efficientnetv2_b2_fold_3_model_epoch_7_0.4192_0.270.pth
noob foldsensemble/tf_efficientnetv2_b2_fold_3_model_epoch_4_0.4103_0.343.pth
0.46066313477678944 0.4497959605992361 0.08214285984855442 0.00739804477542004

Val: 100%|██████████| 171/171 [03:05<00:00,  1.08s/it, eval_loss=0.0895, gpu_mem=8.68 GB]
Valid loss:0.0895
Val metric mean prob: 0.2627
Best metric at: 0.4832 0.4640  0.6954
Cf: [[4649   22]
 [  55   36]]
[I 2023-02-17 05:15:07,317] Trial 1 finished with value: 0.4832214765100671 and parameters: {'a1': 0.46066313477678944, 'a2': 0.4497959605992361, 'a3': 0.08214285984855442}. Best is trial 1 with value: 0.4832214765100671.
none:  foldsensemble/tf_efficientnetv2_b2_fold_3_model_epoch_6_0.4648_0.444.pth
hehe foldsensemble/tf_efficientnetv2_b2_fold_3_model_epoch_8_0.4471_0.371.pth
noob foldsensemble/tf_efficientnetv2_b2_fold_3_model_epoch_7_0.4192_0.270.pth
noob foldsensemble/tf_efficientnetv2_b2_fold_3_model_epoch_4_0.4103_0.343.pth
0.7224492046326887 0.21273659480919951 0.017836821543291383 0.04697737901482041

Val: 100%|██████████| 171/171 [02:57<00:00,  1.04s/it, eval_loss=0.0894, gpu_mem=8.68 GB]
Valid loss:0.0894
Val metric mean prob: 0.2523
Best metric at: 0.4932 0.4530  0.6958
Cf: [[4652   19]
 [  55   36]]
[I 2023-02-17 05:18:17,468] Trial 2 finished with value: 0.49315068493150693 and parameters: {'a1': 0.7224492046326887, 'a2': 0.21273659480919951, 'a3': 0.017836821543291383}. Best is trial 2 with value: 0.49315068493150693.
none:  foldsensemble/tf_efficientnetv2_b2_fold_3_model_epoch_6_0.4648_0.444.pth
hehe foldsensemble/tf_efficientnetv2_b2_fold_3_model_epoch_8_0.4471_0.371.pth
noob foldsensemble/tf_efficientnetv2_b2_fold_3_model_epoch_7_0.4192_0.270.pth
noob foldsensemble/tf_efficientnetv2_b2_fold_3_model_epoch_4_0.4103_0.343.pth
0.6411487062295695 0.03422970482875175 0.026616355620762623 0.29800523332091605

Val: 100%|██████████| 171/171 [02:57<00:00,  1.04s/it, eval_loss=0.0870, gpu_mem=8.68 GB]
Valid loss:0.0870
Val metric mean prob: 0.2395
Best metric at: 0.4578 0.4060  0.7048
Cf: [[4634   37]
 [  53   38]]
[I 2023-02-17 05:21:26,402] Trial 3 finished with value: 0.4578313253012049 and parameters: {'a1': 0.6411487062295695, 'a2': 0.03422970482875175, 'a3': 0.026616355620762623}. Best is trial 2 with value: 0.49315068493150693.
none:  foldsensemble/tf_efficientnetv2_b2_fold_3_model_epoch_6_0.4648_0.444.pth
hehe foldsensemble/tf_efficientnetv2_b2_fold_3_model_epoch_8_0.4471_0.371.pth
noob foldsensemble/tf_efficientnetv2_b2_fold_3_model_epoch_7_0.4192_0.270.pth
noob foldsensemble/tf_efficientnetv2_b2_fold_3_model_epoch_4_0.4103_0.343.pth
0.587821478386747 0.1417652484315948 0.2664263714245423 0.003986901757115913

Val: 100%|██████████| 171/171 [02:54<00:00,  1.02s/it, eval_loss=0.0891, gpu_mem=8.68 GB]
Valid loss:0.0891
Val metric mean prob: 0.2391
Best metric at: 0.4571 0.4970  0.6740
Cf: [[4654   17]
 [  59   32]]
[I 2023-02-17 05:24:31,845] Trial 4 finished with value: 0.4571428571428572 and parameters: {'a1': 0.587821478386747, 'a2': 0.1417652484315948, 'a3': 0.2664263714245423}. Best is trial 2 with value: 0.49315068493150693.
none:  foldsensemble/tf_efficientnetv2_b2_fold_3_model_epoch_6_0.4648_0.444.pth
hehe foldsensemble/tf_efficientnetv2_b2_fold_3_model_epoch_8_0.4471_0.371.pth
noob foldsensemble/tf_efficientnetv2_b2_fold_3_model_epoch_7_0.4192_0.270.pth
noob foldsensemble/tf_efficientnetv2_b2_fold_3_model_epoch_4_0.4103_0.343.pth
0.6239437421051638 0.25599198403307805 0.06615702538045973 0.053907248481298436

Val: 100%|██████████| 171/171 [02:58<00:00,  1.05s/it, eval_loss=0.0892, gpu_mem=8.68 GB]
Valid loss:0.0892
Val metric mean prob: 0.2536
Best metric at: 0.4768 0.4520  0.6952
Cf: [[4647   24]
 [  55   36]]
[I 2023-02-17 05:27:42,340] Trial 5 finished with value: 0.4768211920529801 and parameters: {'a1': 0.6239437421051638, 'a2': 0.25599198403307805, 'a3': 0.06615702538045973}. Best is trial 2 with value: 0.49315068493150693.
none:  foldsensemble/tf_efficientnetv2_b2_fold_3_model_epoch_6_0.4648_0.444.pth
hehe foldsensemble/tf_efficientnetv2_b2_fold_3_model_epoch_8_0.4471_0.371.pth
noob foldsensemble/tf_efficientnetv2_b2_fold_3_model_epoch_7_0.4192_0.270.pth
noob foldsensemble/tf_efficientnetv2_b2_fold_3_model_epoch_4_0.4103_0.343.pth
0.273482856730494 0.2713701502983964 0.10194149051881891 0.3532055024522907

Val: 100%|██████████| 171/171 [02:54<00:00,  1.02s/it, eval_loss=0.0871, gpu_mem=8.68 GB]
Valid loss:0.0871
Val metric mean prob: 0.2464
Best metric at: 0.4500 0.4370  0.6943
Cf: [[4638   33]
 [  55   36]]
[I 2023-02-17 05:30:52,895] Trial 6 finished with value: 0.44999999999999996 and parameters: {'a1': 0.273482856730494, 'a2': 0.2713701502983964, 'a3': 0.10194149051881891}. Best is trial 2 with value: 0.49315068493150693.
none:  foldsensemble/tf_efficientnetv2_b2_fold_3_model_epoch_6_0.4648_0.444.pth
hehe foldsensemble/tf_efficientnetv2_b2_fold_3_model_epoch_8_0.4471_0.371.pth
noob foldsensemble/tf_efficientnetv2_b2_fold_3_model_epoch_7_0.4192_0.270.pth
noob foldsensemble/tf_efficientnetv2_b2_fold_3_model_epoch_4_0.4103_0.343.pth
0.19271374834959246 0.31552260370100615 0.09552324067193671 0.3962404072774647

Val: 100%|██████████| 171/171 [02:56<00:00,  1.03s/it, eval_loss=0.0868, gpu_mem=8.68 GB]
Valid loss:0.0868
Val metric mean prob: 0.2475
Best metric at: 0.4528 0.4400  0.6944
Cf: [[4639   32]
 [  55   36]]
