[I 2023-02-17 05:34:09,799] Trial 7 finished with value: 0.4528301886792453 and parameters: {'a1': 0.19271374834959246, 'a2': 0.31552260370100615, 'a3': 0.09552324067193671}. Best is trial 2 with value: 0.49315068493150693.
none:  foldsensemble/tf_efficientnetv2_b2_fold_3_model_epoch_6_0.4648_0.444.pth
hehe foldsensemble/tf_efficientnetv2_b2_fold_3_model_epoch_8_0.4471_0.371.pth
noob foldsensemble/tf_efficientnetv2_b2_fold_3_model_epoch_7_0.4192_0.270.pth
noob foldsensemble/tf_efficientnetv2_b2_fold_3_model_epoch_4_0.4103_0.343.pth
0.6086927127280202 0.344672042630984 0.028740479555570953 0.01789476508542488

Val: 100%|██████████| 171/171 [02:58<00:00,  1.05s/it, eval_loss=0.0899, gpu_mem=8.68 GB]
Valid loss:0.0899
Val metric mean prob: 0.2588
Best metric at: 0.4898 0.4580  0.6957
Cf: [[4651   20]
 [  55   36]]
[I 2023-02-17 05:37:22,653] Trial 8 finished with value: 0.48979591836734687 and parameters: {'a1': 0.6086927127280202, 'a2': 0.344672042630984, 'a3': 0.028740479555570953}. Best is trial 2 with value: 0.49315068493150693.
none:  foldsensemble/tf_efficientnetv2_b2_fold_3_model_epoch_6_0.4648_0.444.pth
hehe foldsensemble/tf_efficientnetv2_b2_fold_3_model_epoch_8_0.4471_0.371.pth
noob foldsensemble/tf_efficientnetv2_b2_fold_3_model_epoch_7_0.4192_0.270.pth
noob foldsensemble/tf_efficientnetv2_b2_fold_3_model_epoch_4_0.4103_0.343.pth
0.2580565653204782 0.1340562421940268 0.49563065247646815 0.1122565400090268

Val: 100%|██████████| 171/171 [02:58<00:00,  1.04s/it, eval_loss=0.0858, gpu_mem=8.68 GB]
Valid loss:0.0858
Val metric mean prob: 0.2335
Best metric at: 0.4648 0.4930  0.6794
Cf: [[4653   18]
 [  58   33]]
[I 2023-02-17 05:40:32,165] Trial 9 finished with value: 0.4647887323943662 and parameters: {'a1': 0.2580565653204782, 'a2': 0.1340562421940268, 'a3': 0.49563065247646815}. Best is trial 2 with value: 0.49315068493150693.
none:  foldsensemble/tf_efficientnetv2_b2_fold_3_model_epoch_6_0.4648_0.444.pth
hehe foldsensemble/tf_efficientnetv2_b2_fold_3_model_epoch_8_0.4471_0.371.pth
noob foldsensemble/tf_efficientnetv2_b2_fold_3_model_epoch_7_0.4192_0.270.pth
noob foldsensemble/tf_efficientnetv2_b2_fold_3_model_epoch_4_0.4103_0.343.pth
0.905619849322766 0.002913020243613229 0.0025381909473820158 0.0889289394862388

Val: 100%|██████████| 171/171 [02:56<00:00,  1.03s/it, eval_loss=0.0886, gpu_mem=8.68 GB]
Valid loss:0.0886
Val metric mean prob: 0.2396
Best metric at: 0.4755 0.4550  0.6849
Cf: [[4653   18]
 [  57   34]]
[I 2023-02-17 05:43:44,623] Trial 10 finished with value: 0.4755244755244756 and parameters: {'a1': 0.905619849322766, 'a2': 0.002913020243613229, 'a3': 0.0025381909473820158}. Best is trial 2 with value: 0.49315068493150693.
none:  foldsensemble/tf_efficientnetv2_b2_fold_3_model_epoch_6_0.4648_0.444.pth
hehe foldsensemble/tf_efficientnetv2_b2_fold_3_model_epoch_8_0.4471_0.371.pth
noob foldsensemble/tf_efficientnetv2_b2_fold_3_model_epoch_7_0.4192_0.270.pth
noob foldsensemble/tf_efficientnetv2_b2_fold_3_model_epoch_4_0.4103_0.343.pth
0.8142382361191027 0.08559432843704165 0.014474450770281717 0.0856929846735739

Val: 100%|██████████| 171/171 [02:55<00:00,  1.02s/it, eval_loss=0.0887, gpu_mem=8.68 GB]
Valid loss:0.0887
Val metric mean prob: 0.2452
Best metric at: 0.4828 0.4490  0.6903
Cf: [[4652   19]
 [  56   35]]
[I 2023-02-17 05:46:55,695] Trial 11 finished with value: 0.4827586206896552 and parameters: {'a1': 0.8142382361191027, 'a2': 0.08559432843704165, 'a3': 0.014474450770281717}. Best is trial 2 with value: 0.49315068493150693.
none:  foldsensemble/tf_efficientnetv2_b2_fold_3_model_epoch_6_0.4648_0.444.pth
hehe foldsensemble/tf_efficientnetv2_b2_fold_3_model_epoch_8_0.4471_0.371.pth
noob foldsensemble/tf_efficientnetv2_b2_fold_3_model_epoch_7_0.4192_0.270.pth
noob foldsensemble/tf_efficientnetv2_b2_fold_3_model_epoch_4_0.4103_0.343.pth
0.7852785258689955 0.09911698920714143 0.026526316377309494 0.08907816854655358

Val: 100%|██████████| 171/171 [02:53<00:00,  1.02s/it, eval_loss=0.0887, gpu_mem=8.68 GB]
Valid loss:0.0887
Val metric mean prob: 0.2457
Best metric at: 0.4828 0.4530  0.6903
Cf: [[4652   19]
 [  56   35]]
[I 2023-02-17 05:50:06,118] Trial 12 finished with value: 0.4827586206896552 and parameters: {'a1': 0.7852785258689955, 'a2': 0.09911698920714143, 'a3': 0.026526316377309494}. Best is trial 2 with value: 0.49315068493150693.
none:  foldsensemble/tf_efficientnetv2_b2_fold_3_model_epoch_6_0.4648_0.444.pth
hehe foldsensemble/tf_efficientnetv2_b2_fold_3_model_epoch_8_0.4471_0.371.pth
noob foldsensemble/tf_efficientnetv2_b2_fold_3_model_epoch_7_0.4192_0.270.pth
noob foldsensemble/tf_efficientnetv2_b2_fold_3_model_epoch_4_0.4103_0.343.pth
0.9760835933877983 0.0012090477979000234 0.0009270954662445197 0.021780263348057195

Val: 100%|██████████| 171/171 [02:55<00:00,  1.03s/it, eval_loss=0.0894, gpu_mem=8.68 GB]
Valid loss:0.0894
Val metric mean prob: 0.2378
Best metric at: 0.4648 0.4440  0.6794
Cf: [[4653   18]
 [  58   33]]
[I 2023-02-17 05:53:12,936] Trial 13 finished with value: 0.4647887323943662 and parameters: {'a1': 0.9760835933877983, 'a2': 0.0012090477979000234, 'a3': 0.0009270954662445197}. Best is trial 2 with value: 0.49315068493150693.
none:  foldsensemble/tf_efficientnetv2_b2_fold_3_model_epoch_6_0.4648_0.444.pth
hehe foldsensemble/tf_efficientnetv2_b2_fold_3_model_epoch_8_0.4471_0.371.pth
noob foldsensemble/tf_efficientnetv2_b2_fold_3_model_epoch_7_0.4192_0.270.pth
noob foldsensemble/tf_efficientnetv2_b2_fold_3_model_epoch_4_0.4103_0.343.pth
0.4410394353327726 0.38078351904201935 0.03909618901689371 0.13908085660831426

Val: 100%|██████████| 171/171 [02:57<00:00,  1.04s/it, eval_loss=0.0889, gpu_mem=8.68 GB]
Valid loss:0.0889
Val metric mean prob: 0.2596
Best metric at: 0.4865 0.4640  0.6956
Cf: [[4650   21]
 [  55   36]]
[I 2023-02-17 05:56:25,877] Trial 14 finished with value: 0.48648648648648646 and parameters: {'a1': 0.4410394353327726, 'a2': 0.38078351904201935, 'a3': 0.03909618901689371}. Best is trial 2 with value: 0.49315068493150693.
none:  foldsensemble/tf_efficientnetv2_b2_fold_3_model_epoch_6_0.4648_0.444.pth
hehe foldsensemble/tf_efficientnetv2_b2_fold_3_model_epoch_8_0.4471_0.371.pth
noob foldsensemble/tf_efficientnetv2_b2_fold_3_model_epoch_7_0.4192_0.270.pth
noob foldsensemble/tf_efficientnetv2_b2_fold_3_model_epoch_4_0.4103_0.343.pth
0.7490325755761645 0.17920155907495475 0.015698163353281825 0.05606770199559889

Val: 100%|██████████| 171/171 [03:01<00:00,  1.06s/it, eval_loss=0.0893, gpu_mem=8.68 GB]
Valid loss:0.0893
Val metric mean prob: 0.2503
Best metric at: 0.4828 0.4520  0.6903
Cf: [[4652   19]
 [  56   35]]
[I 2023-02-17 05:59:46,619] Trial 15 finished with value: 0.4827586206896552 and parameters: {'a1': 0.7490325755761645, 'a2': 0.17920155907495475, 'a3': 0.015698163353281825}. Best is trial 2 with value: 0.49315068493150693.
none:  foldsensemble/tf_efficientnetv2_b2_fold_3_model_epoch_6_0.4648_0.444.pth
hehe foldsensemble/tf_efficientnetv2_b2_fold_3_model_epoch_8_0.4471_0.371.pth
noob foldsensemble/tf_efficientnetv2_b2_fold_3_model_epoch_7_0.4192_0.270.pth
noob foldsensemble/tf_efficientnetv2_b2_fold_3_model_epoch_4_0.4103_0.343.pth
0.5269146605771939 0.19858745527261193 0.062227630941119536 0.2122702532090746

Val: 100%|██████████| 171/171 [02:52<00:00,  1.01s/it, eval_loss=0.0879, gpu_mem=8.68 GB]
Valid loss:0.0879
Val metric mean prob: 0.2489
Best metric at: 0.4615 0.4470  0.6947
Cf: [[4642   29]
 [  55   36]]
[I 2023-02-17 06:02:54,779] Trial 16 finished with value: 0.46153846153846156 and parameters: {'a1': 0.5269146605771939, 'a2': 0.19858745527261193, 'a3': 0.062227630941119536}. Best is trial 2 with value: 0.49315068493150693.
none:  foldsensemble/tf_efficientnetv2_b2_fold_3_model_epoch_6_0.4648_0.444.pth
hehe foldsensemble/tf_efficientnetv2_b2_fold_3_model_epoch_8_0.4471_0.371.pth
noob foldsensemble/tf_efficientnetv2_b2_fold_3_model_epoch_7_0.4192_0.270.pth
noob foldsensemble/tf_efficientnetv2_b2_fold_3_model_epoch_4_0.4103_0.343.pth
0.7225380990717758 0.19697065750128784 0.012351572894888477 0.06813967053204789

Val: 100%|██████████| 171/171 [03:05<00:00,  1.08s/it, eval_loss=0.0892, gpu_mem=8.68 GB]
Valid loss:0.0892
Val metric mean prob: 0.2516
Best metric at: 0.4865 0.4480  0.6956
Cf: [[4650   21]
 [  55   36]]
[I 2023-02-17 06:06:13,588] Trial 17 finished with value: 0.48648648648648646 and parameters: {'a1': 0.7225380990717758, 'a2': 0.19697065750128784, 'a3': 0.012351572894888477}. Best is trial 2 with value: 0.49315068493150693.
none:  foldsensemble/tf_efficientnetv2_b2_fold_3_model_epoch_6_0.4648_0.444.pth
hehe foldsensemble/tf_efficientnetv2_b2_fold_3_model_epoch_8_0.4471_0.371.pth
noob foldsensemble/tf_efficientnetv2_b2_fold_3_model_epoch_7_0.4192_0.270.pth
noob foldsensemble/tf_efficientnetv2_b2_fold_3_model_epoch_4_0.4103_0.343.pth
0.36743796430698455 0.6022028631852239 0.00584853205094618 0.02451064045684545

Val: 100%|██████████| 171/171 [03:00<00:00,  1.05s/it, eval_loss=0.0906, gpu_mem=8.68 GB]
Valid loss:0.0906
Val metric mean prob: 0.2675
Best metric at: 0.4795 0.4620  0.6902
Cf: [[4651   20]
 [  56   35]]
[I 2023-02-17 06:09:25,267] Trial 18 finished with value: 0.4794520547945205 and parameters: {'a1': 0.36743796430698455, 'a2': 0.6022028631852239, 'a3': 0.00584853205094618}. Best is trial 2 with value: 0.49315068493150693.
none:  foldsensemble/tf_efficientnetv2_b2_fold_3_model_epoch_6_0.4648_0.444.pth
hehe foldsensemble/tf_efficientnetv2_b2_fold_3_model_epoch_8_0.4471_0.371.pth
noob foldsensemble/tf_efficientnetv2_b2_fold_3_model_epoch_7_0.4192_0.270.pth
noob foldsensemble/tf_efficientnetv2_b2_fold_3_model_epoch_4_0.4103_0.343.pth
0.6788683460707272 0.1700814686051385 0.04424699442704532 0.10680319089708895

Val: 100%|██████████| 171/171 [02:55<00:00,  1.03s/it, eval_loss=0.0887, gpu_mem=8.68 GB]
Valid loss:0.0887
Val metric mean prob: 0.2494
Best metric at: 0.4828 0.4610  0.6903
Cf: [[4652   19]
 [  56   35]]
[I 2023-02-17 06:12:36,467] Trial 19 finished with value: 0.4827586206896552 and parameters: {'a1': 0.6788683460707272, 'a2': 0.1700814686051385, 'a3': 0.04424699442704532}. Best is trial 2 with value: 0.49315068493150693.
none:  foldsensemble/tf_efficientnetv2_b2_fold_3_model_epoch_6_0.4648_0.444.pth
hehe foldsensemble/tf_efficientnetv2_b2_fold_3_model_epoch_8_0.4471_0.371.pth
noob foldsensemble/tf_efficientnetv2_b2_fold_3_model_epoch_7_0.4192_0.270.pth
noob foldsensemble/tf_efficientnetv2_b2_fold_3_model_epoch_4_0.4103_0.343.pth
0.5279738533955969 0.22623774943867933 0.048105670408215416 0.19768272675750836

Val: 100%|██████████| 171/171 [02:55<00:00,  1.03s/it, eval_loss=0.0882, gpu_mem=8.68 GB]
Valid loss:0.0882
Val metric mean prob: 0.2511
Best metric at: 0.4737 0.4530  0.6951
Cf: [[4646   25]
 [  55   36]]
[I 2023-02-17 06:15:48,791] Trial 20 finished with value: 0.4736842105263158 and parameters: {'a1': 0.5279738533955969, 'a2': 0.22623774943867933, 'a3': 0.048105670408215416}. Best is trial 2 with value: 0.49315068493150693.
none:  foldsensemble/tf_efficientnetv2_b2_fold_3_model_epoch_6_0.4648_0.444.pth
hehe foldsensemble/tf_efficientnetv2_b2_fold_3_model_epoch_8_0.4471_0.371.pth
noob foldsensemble/tf_efficientnetv2_b2_fold_3_model_epoch_7_0.4192_0.270.pth
noob foldsensemble/tf_efficientnetv2_b2_fold_3_model_epoch_4_0.4103_0.343.pth
0.4288141947813478 0.3404349652354119 0.04397453382415413 0.18677630615908625

Val: 100%|██████████| 171/171 [02:56<00:00,  1.03s/it, eval_loss=0.0886, gpu_mem=8.68 GB]
Valid loss:0.0886
Val metric mean prob: 0.2566
Best metric at: 0.4865 0.4630  0.6956
Cf: [[4650   21]
 [  55   36]]
[I 2023-02-17 06:19:01,779] Trial 21 finished with value: 0.48648648648648646 and parameters: {'a1': 0.4288141947813478, 'a2': 0.3404349652354119, 'a3': 0.04397453382415413}. Best is trial 2 with value: 0.49315068493150693.
none:  foldsensemble/tf_efficientnetv2_b2_fold_3_model_epoch_6_0.4648_0.444.pth
hehe foldsensemble/tf_efficientnetv2_b2_fold_3_model_epoch_8_0.4471_0.371.pth
noob foldsensemble/tf_efficientnetv2_b2_fold_3_model_epoch_7_0.4192_0.270.pth
noob foldsensemble/tf_efficientnetv2_b2_fold_3_model_epoch_4_0.4103_0.343.pth
0.08233233084471386 0.380312873155902 0.13535873997703654 0.40199605602234756

Val: 100%|██████████| 171/171 [02:57<00:00,  1.04s/it, eval_loss=0.0866, gpu_mem=8.68 GB]
Valid loss:0.0866
Val metric mean prob: 0.2482
Best metric at: 0.4444 0.4360  0.6941
Cf: [[4636   35]
 [  55   36]]
[I 2023-02-17 06:22:12,409] Trial 22 finished with value: 0.4444444444444444 and parameters: {'a1': 0.08233233084471386, 'a2': 0.380312873155902, 'a3': 0.13535873997703654}. Best is trial 2 with value: 0.49315068493150693.
none:  foldsensemble/tf_efficientnetv2_b2_fold_3_model_epoch_6_0.4648_0.444.pth
hehe foldsensemble/tf_efficientnetv2_b2_fold_3_model_epoch_8_0.4471_0.371.pth
noob foldsensemble/tf_efficientnetv2_b2_fold_3_model_epoch_7_0.4192_0.270.pth
noob foldsensemble/tf_efficientnetv2_b2_fold_3_model_epoch_4_0.4103_0.343.pth
0.5745963141428589 0.2986550939814485 0.022953421793495566 0.10379517008219698

Val: 100%|██████████| 171/171 [02:58<00:00,  1.04s/it, eval_loss=0.0892, gpu_mem=8.68 GB]
Valid loss:0.0892
Val metric mean prob: 0.2565
Best metric at: 0.4865 0.4610  0.6956
Cf: [[4650   21]
 [  55   36]]
[I 2023-02-17 06:25:22,464] Trial 23 finished with value: 0.48648648648648646 and parameters: {'a1': 0.5745963141428589, 'a2': 0.2986550939814485, 'a3': 0.022953421793495566}. Best is trial 2 with value: 0.49315068493150693.
none:  foldsensemble/tf_efficientnetv2_b2_fold_3_model_epoch_6_0.4648_0.444.pth
hehe foldsensemble/tf_efficientnetv2_b2_fold_3_model_epoch_8_0.4471_0.371.pth
noob foldsensemble/tf_efficientnetv2_b2_fold_3_model_epoch_7_0.4192_0.270.pth
noob foldsensemble/tf_efficientnetv2_b2_fold_3_model_epoch_4_0.4103_0.343.pth
0.4259623395171376 0.38762901735895744 0.027693950575786164 0.15871469254811882

Val: 100%|██████████| 171/171 [02:54<00:00,  1.02s/it, eval_loss=0.0890, gpu_mem=8.68 GB]
Valid loss:0.0890
Val metric mean prob: 0.2597
Best metric at: 0.4865 0.4610  0.6956
Cf: [[4650   21]
 [  55   36]]
[I 2023-02-17 06:28:32,657] Trial 24 finished with value: 0.48648648648648646 and parameters: {'a1': 0.4259623395171376, 'a2': 0.38762901735895744, 'a3': 0.027693950575786164}. Best is trial 2 with value: 0.49315068493150693.
none:  foldsensemble/tf_efficientnetv2_b2_fold_3_model_epoch_6_0.4648_0.444.pth
hehe foldsensemble/tf_efficientnetv2_b2_fold_3_model_epoch_8_0.4471_0.371.pth
noob foldsensemble/tf_efficientnetv2_b2_fold_3_model_epoch_7_0.4192_0.270.pth
noob foldsensemble/tf_efficientnetv2_b2_fold_3_model_epoch_4_0.4103_0.343.pth
0.6717021769797444 0.21822666750494285 0.03308809180026558 0.07698306371504712

Val: 100%|██████████| 171/171 [03:04<00:00,  1.08s/it, eval_loss=0.0891, gpu_mem=8.68 GB]
Valid loss:0.0891
Val metric mean prob: 0.2525
Best metric at: 0.4898 0.4530  0.6957
Cf: [[4651   20]
 [  55   36]]
[I 2023-02-17 06:31:56,935] Trial 25 finished with value: 0.48979591836734687 and parameters: {'a1': 0.6717021769797444, 'a2': 0.21822666750494285, 'a3': 0.03308809180026558}. Best is trial 2 with value: 0.49315068493150693.
none:  foldsensemble/tf_efficientnetv2_b2_fold_3_model_epoch_6_0.4648_0.444.pth
hehe foldsensemble/tf_efficientnetv2_b2_fold_3_model_epoch_8_0.4471_0.371.pth
noob foldsensemble/tf_efficientnetv2_b2_fold_3_model_epoch_7_0.4192_0.270.pth
noob foldsensemble/tf_efficientnetv2_b2_fold_3_model_epoch_4_0.4103_0.343.pth
0.6752835891838135 0.2143633632688791 0.029485224834044133 0.0808678227132633

Val: 100%|██████████| 171/171 [02:55<00:00,  1.03s/it, eval_loss=0.0890, gpu_mem=8.68 GB]
Valid loss:0.0890
Val metric mean prob: 0.2526
Best metric at: 0.4898 0.4510  0.6957
Cf: [[4651   20]
 [  55   36]]
[I 2023-02-17 06:35:09,683] Trial 26 finished with value: 0.48979591836734687 and parameters: {'a1': 0.6752835891838135, 'a2': 0.2143633632688791, 'a3': 0.029485224834044133}. Best is trial 2 with value: 0.49315068493150693.
none:  foldsensemble/tf_efficientnetv2_b2_fold_3_model_epoch_6_0.4648_0.444.pth
hehe foldsensemble/tf_efficientnetv2_b2_fold_3_model_epoch_8_0.4471_0.371.pth
noob foldsensemble/tf_efficientnetv2_b2_fold_3_model_epoch_7_0.4192_0.270.pth
noob foldsensemble/tf_efficientnetv2_b2_fold_3_model_epoch_4_0.4103_0.343.pth
0.8617016917653668 0.05159603988400277 0.019948402812324822 0.06675386553830559

Val: 100%|██████████| 171/171 [02:54<00:00,  1.02s/it, eval_loss=0.0889, gpu_mem=8.68 GB]
Valid loss:0.0889
Val metric mean prob: 0.2425
Best metric at: 0.4828 0.4490  0.6903
Cf: [[4652   19]
 [  56   35]]
[I 2023-02-17 06:38:20,716] Trial 27 finished with value: 0.4827586206896552 and parameters: {'a1': 0.8617016917653668, 'a2': 0.05159603988400277, 'a3': 0.019948402812324822}. Best is trial 2 with value: 0.49315068493150693.
none:  foldsensemble/tf_efficientnetv2_b2_fold_3_model_epoch_6_0.4648_0.444.pth
hehe foldsensemble/tf_efficientnetv2_b2_fold_3_model_epoch_8_0.4471_0.371.pth
noob foldsensemble/tf_efficientnetv2_b2_fold_3_model_epoch_7_0.4192_0.270.pth
noob foldsensemble/tf_efficientnetv2_b2_fold_3_model_epoch_4_0.4103_0.343.pth
0.7176161878608311 0.1498699270770839 0.013281120177216804 0.11923276488486814

Val: 100%|██████████| 171/171 [03:03<00:00,  1.07s/it, eval_loss=0.0887, gpu_mem=8.68 GB]
Valid loss:0.0887
Val metric mean prob: 0.2489
Best metric at: 0.4828 0.4510  0.6903
Cf: [[4652   19]
 [  56   35]]
[I 2023-02-17 06:41:35,672] Trial 28 finished with value: 0.4827586206896552 and parameters: {'a1': 0.7176161878608311, 'a2': 0.1498699270770839, 'a3': 0.013281120177216804}. Best is trial 2 with value: 0.49315068493150693.
none:  foldsensemble/tf_efficientnetv2_b2_fold_3_model_epoch_6_0.4648_0.444.pth
hehe foldsensemble/tf_efficientnetv2_b2_fold_3_model_epoch_8_0.4471_0.371.pth
noob foldsensemble/tf_efficientnetv2_b2_fold_3_model_epoch_7_0.4192_0.270.pth
noob foldsensemble/tf_efficientnetv2_b2_fold_3_model_epoch_4_0.4103_0.343.pth
0.7965793864446846 0.11383166467236272 0.03251010787514845 0.05707884100780421

Val: 100%|██████████| 171/171 [02:53<00:00,  1.01s/it, eval_loss=0.0890, gpu_mem=8.68 GB]
Valid loss:0.0890
Val metric mean prob: 0.2463
Best metric at: 0.4828 0.4580  0.6903
Cf: [[4652   19]
 [  56   35]]
[I 2023-02-17 06:44:44,688] Trial 29 finished with value: 0.4827586206896552 and parameters: {'a1': 0.7965793864446846, 'a2': 0.11383166467236272, 'a3': 0.03251010787514845}. Best is trial 2 with value: 0.49315068493150693.
none:  foldsensemble/tf_efficientnetv2_b2_fold_3_model_epoch_6_0.4648_0.444.pth
hehe foldsensemble/tf_efficientnetv2_b2_fold_3_model_epoch_8_0.4471_0.371.pth
noob foldsensemble/tf_efficientnetv2_b2_fold_3_model_epoch_7_0.4192_0.270.pth
noob foldsensemble/tf_efficientnetv2_b2_fold_3_model_epoch_4_0.4103_0.343.pth
0.687894562595644 0.17230004610496882 0.037788825262103476 0.10201656603728373

Val: 100%|██████████| 171/171 [03:04<00:00,  1.08s/it, eval_loss=0.0887, gpu_mem=8.68 GB]
Valid loss:0.0887
Val metric mean prob: 0.2498
Best metric at: 0.4828 0.4530  0.6903
Cf: [[4652   19]
 [  56   35]]
[I 2023-02-17 06:48:01,498] Trial 30 finished with value: 0.4827586206896552 and parameters: {'a1': 0.687894562595644, 'a2': 0.17230004610496882, 'a3': 0.037788825262103476}. Best is trial 2 with value: 0.49315068493150693.
none:  foldsensemble/tf_efficientnetv2_b2_fold_3_model_epoch_6_0.4648_0.444.pth
hehe foldsensemble/tf_efficientnetv2_b2_fold_3_model_epoch_8_0.4471_0.371.pth
noob foldsensemble/tf_efficientnetv2_b2_fold_3_model_epoch_7_0.4192_0.270.pth
noob foldsensemble/tf_efficientnetv2_b2_fold_3_model_epoch_4_0.4103_0.343.pth
0.6409033205470799 0.22506556753993784 0.032335228626389795 0.10169588328659249

Val: 100%|██████████| 171/171 [03:01<00:00,  1.06s/it, eval_loss=0.0889, gpu_mem=8.68 GB]
Valid loss:0.0889
Val metric mean prob: 0.2528
Best metric at: 0.4932 0.4560  0.6958
Cf: [[4652   19]
 [  55   36]]
[I 2023-02-17 06:51:14,073] Trial 31 finished with value: 0.49315068493150693 and parameters: {'a1': 0.6409033205470799, 'a2': 0.22506556753993784, 'a3': 0.032335228626389795}. Best is trial 2 with value: 0.49315068493150693.
none:  foldsensemble/tf_efficientnetv2_b2_fold_3_model_epoch_6_0.4648_0.444.pth
hehe foldsensemble/tf_efficientnetv2_b2_fold_3_model_epoch_8_0.4471_0.371.pth
noob foldsensemble/tf_efficientnetv2_b2_fold_3_model_epoch_7_0.4192_0.270.pth
noob foldsensemble/tf_efficientnetv2_b2_fold_3_model_epoch_4_0.4103_0.343.pth
0.6096338939438778 0.23285028180349548 0.019312323315634435 0.1382035009369923

Val: 100%|██████████| 171/171 [03:02<00:00,  1.07s/it, eval_loss=0.0888, gpu_mem=8.68 GB]
Valid loss:0.0888
Val metric mean prob: 0.2530
Best metric at: 0.4898 0.4590  0.6957
Cf: [[4651   20]
 [  55   36]]
[I 2023-02-17 06:54:28,119] Trial 32 finished with value: 0.48979591836734687 and parameters: {'a1': 0.6096338939438778, 'a2': 0.23285028180349548, 'a3': 0.019312323315634435}. Best is trial 2 with value: 0.49315068493150693.
none:  foldsensemble/tf_efficientnetv2_b2_fold_3_model_epoch_6_0.4648_0.444.pth
hehe foldsensemble/tf_efficientnetv2_b2_fold_3_model_epoch_8_0.4471_0.371.pth
noob foldsensemble/tf_efficientnetv2_b2_fold_3_model_epoch_7_0.4192_0.270.pth
noob foldsensemble/tf_efficientnetv2_b2_fold_3_model_epoch_4_0.4103_0.343.pth
0.5708055308644535 0.2455776843214195 0.05000809215528645 0.13360869265884054

Val: 100%|██████████| 171/171 [02:56<00:00,  1.03s/it, eval_loss=0.0886, gpu_mem=8.68 GB]
Valid loss:0.0886
Val metric mean prob: 0.2531
Best metric at: 0.4832 0.4560  0.6954
Cf: [[4649   22]
 [  55   36]]
