[I 2023-02-17 06:57:36,498] Trial 33 finished with value: 0.4832214765100671 and parameters: {'a1': 0.5708055308644535, 'a2': 0.2455776843214195, 'a3': 0.05000809215528645}. Best is trial 2 with value: 0.49315068493150693.
none:  foldsensemble/tf_efficientnetv2_b2_fold_3_model_epoch_6_0.4648_0.444.pth
hehe foldsensemble/tf_efficientnetv2_b2_fold_3_model_epoch_8_0.4471_0.371.pth
noob foldsensemble/tf_efficientnetv2_b2_fold_3_model_epoch_7_0.4192_0.270.pth
noob foldsensemble/tf_efficientnetv2_b2_fold_3_model_epoch_4_0.4103_0.343.pth
0.5125848904326823 0.2667946000462587 0.057297246673711485 0.1633232628473475

Val: 100%|██████████| 171/171 [02:56<00:00,  1.03s/it, eval_loss=0.0885, gpu_mem=8.68 GB]
Valid loss:0.0885
Val metric mean prob: 0.2533
Best metric at: 0.4768 0.4560  0.6952
Cf: [[4647   24]
 [  55   36]]
[I 2023-02-17 07:00:48,782] Trial 34 finished with value: 0.4768211920529801 and parameters: {'a1': 0.5125848904326823, 'a2': 0.2667946000462587, 'a3': 0.057297246673711485}. Best is trial 2 with value: 0.49315068493150693.
none:  foldsensemble/tf_efficientnetv2_b2_fold_3_model_epoch_6_0.4648_0.444.pth
hehe foldsensemble/tf_efficientnetv2_b2_fold_3_model_epoch_8_0.4471_0.371.pth
noob foldsensemble/tf_efficientnetv2_b2_fold_3_model_epoch_7_0.4192_0.270.pth
noob foldsensemble/tf_efficientnetv2_b2_fold_3_model_epoch_4_0.4103_0.343.pth
0.6579535371651923 0.21796468039703992 0.03317515563993806 0.09090662679782968

Val: 100%|██████████| 171/171 [02:57<00:00,  1.04s/it, eval_loss=0.0889, gpu_mem=8.68 GB]
Valid loss:0.0889
Val metric mean prob: 0.2526
Best metric at: 0.4898 0.4520  0.6957
Cf: [[4651   20]
 [  55   36]]
[I 2023-02-17 07:03:57,786] Trial 35 finished with value: 0.48979591836734687 and parameters: {'a1': 0.6579535371651923, 'a2': 0.21796468039703992, 'a3': 0.03317515563993806}. Best is trial 2 with value: 0.49315068493150693.
none:  foldsensemble/tf_efficientnetv2_b2_fold_3_model_epoch_6_0.4648_0.444.pth
hehe foldsensemble/tf_efficientnetv2_b2_fold_3_model_epoch_8_0.4471_0.371.pth
noob foldsensemble/tf_efficientnetv2_b2_fold_3_model_epoch_7_0.4192_0.270.pth
noob foldsensemble/tf_efficientnetv2_b2_fold_3_model_epoch_4_0.4103_0.343.pth
0.6433998867396207 0.19339851487487364 0.009561379768878329 0.15364021861662736

Val: 100%|██████████| 171/171 [02:55<00:00,  1.03s/it, eval_loss=0.0886, gpu_mem=8.68 GB]
Valid loss:0.0886
Val metric mean prob: 0.2511
Best metric at: 0.4898 0.4540  0.6957
Cf: [[4651   20]
 [  55   36]]
[I 2023-02-17 07:07:04,924] Trial 36 finished with value: 0.48979591836734687 and parameters: {'a1': 0.6433998867396207, 'a2': 0.19339851487487364, 'a3': 0.009561379768878329}. Best is trial 2 with value: 0.49315068493150693.
none:  foldsensemble/tf_efficientnetv2_b2_fold_3_model_epoch_6_0.4648_0.444.pth
hehe foldsensemble/tf_efficientnetv2_b2_fold_3_model_epoch_8_0.4471_0.371.pth
noob foldsensemble/tf_efficientnetv2_b2_fold_3_model_epoch_7_0.4192_0.270.pth
noob foldsensemble/tf_efficientnetv2_b2_fold_3_model_epoch_4_0.4103_0.343.pth
0.74390119912366 0.1489925396993261 0.02291827239553164 0.08418798878148222

Val: 100%|██████████| 171/171 [02:53<00:00,  1.02s/it, eval_loss=0.0889, gpu_mem=8.68 GB]
Valid loss:0.0889
Val metric mean prob: 0.2488
Best metric at: 0.4828 0.4510  0.6903
Cf: [[4652   19]
 [  56   35]]
[I 2023-02-17 07:10:13,119] Trial 37 finished with value: 0.4827586206896552 and parameters: {'a1': 0.74390119912366, 'a2': 0.1489925396993261, 'a3': 0.02291827239553164}. Best is trial 2 with value: 0.49315068493150693.
none:  foldsensemble/tf_efficientnetv2_b2_fold_3_model_epoch_6_0.4648_0.444.pth
hehe foldsensemble/tf_efficientnetv2_b2_fold_3_model_epoch_8_0.4471_0.371.pth
noob foldsensemble/tf_efficientnetv2_b2_fold_3_model_epoch_7_0.4192_0.270.pth
noob foldsensemble/tf_efficientnetv2_b2_fold_3_model_epoch_4_0.4103_0.343.pth
0.6501593395814463 0.24111562061099465 0.0335996765389833 0.07512536326857572

Val: 100%|██████████| 171/171 [02:58<00:00,  1.04s/it, eval_loss=0.0891, gpu_mem=8.68 GB]
Valid loss:0.0891
Val metric mean prob: 0.2537
Best metric at: 0.4932 0.4590  0.6958
Cf: [[4652   19]
 [  55   36]]
[I 2023-02-17 07:13:23,218] Trial 38 finished with value: 0.49315068493150693 and parameters: {'a1': 0.6501593395814463, 'a2': 0.24111562061099465, 'a3': 0.0335996765389833}. Best is trial 2 with value: 0.49315068493150693.
none:  foldsensemble/tf_efficientnetv2_b2_fold_3_model_epoch_6_0.4648_0.444.pth
hehe foldsensemble/tf_efficientnetv2_b2_fold_3_model_epoch_8_0.4471_0.371.pth
noob foldsensemble/tf_efficientnetv2_b2_fold_3_model_epoch_7_0.4192_0.270.pth
noob foldsensemble/tf_efficientnetv2_b2_fold_3_model_epoch_4_0.4103_0.343.pth
0.6034479666747211 0.2641882180885736 0.008308856037414426 0.12405495919929084

Val: 100%|██████████| 171/171 [02:55<00:00,  1.03s/it, eval_loss=0.0890, gpu_mem=8.68 GB]
Valid loss:0.0890
Val metric mean prob: 0.2549
Best metric at: 0.4966 0.4650  0.6959
Cf: [[4653   18]
 [  55   36]]
[I 2023-02-17 07:16:32,422] Trial 39 finished with value: 0.4965517241379309 and parameters: {'a1': 0.6034479666747211, 'a2': 0.2641882180885736, 'a3': 0.008308856037414426}. Best is trial 39 with value: 0.4965517241379309.
none:  foldsensemble/tf_efficientnetv2_b2_fold_3_model_epoch_6_0.4648_0.444.pth
hehe foldsensemble/tf_efficientnetv2_b2_fold_3_model_epoch_8_0.4471_0.371.pth
noob foldsensemble/tf_efficientnetv2_b2_fold_3_model_epoch_7_0.4192_0.270.pth
noob foldsensemble/tf_efficientnetv2_b2_fold_3_model_epoch_4_0.4103_0.343.pth
0.5686316166575106 0.24766370919659655 0.001663862656474024 0.1820408114894188

Val: 100%|██████████| 171/171 [02:56<00:00,  1.03s/it, eval_loss=0.0886, gpu_mem=8.68 GB]
Valid loss:0.0886
Val metric mean prob: 0.2537
Best metric at: 0.4832 0.4510  0.6954
Cf: [[4649   22]
 [  55   36]]
[I 2023-02-17 07:19:40,166] Trial 40 finished with value: 0.4832214765100671 and parameters: {'a1': 0.5686316166575106, 'a2': 0.24766370919659655, 'a3': 0.001663862656474024}. Best is trial 39 with value: 0.4965517241379309.
none:  foldsensemble/tf_efficientnetv2_b2_fold_3_model_epoch_6_0.4648_0.444.pth
hehe foldsensemble/tf_efficientnetv2_b2_fold_3_model_epoch_8_0.4471_0.371.pth
noob foldsensemble/tf_efficientnetv2_b2_fold_3_model_epoch_7_0.4192_0.270.pth
noob foldsensemble/tf_efficientnetv2_b2_fold_3_model_epoch_4_0.4103_0.343.pth
0.6065133823584976 0.2721723052091123 0.009099609396347257 0.11221470303604285

Val: 100%|██████████| 171/171 [02:58<00:00,  1.05s/it, eval_loss=0.0890, gpu_mem=8.68 GB]
Valid loss:0.0890
Val metric mean prob: 0.2554
Best metric at: 0.4932 0.4600  0.6958
Cf: [[4652   19]
 [  55   36]]
[I 2023-02-17 07:22:53,562] Trial 41 finished with value: 0.49315068493150693 and parameters: {'a1': 0.6065133823584976, 'a2': 0.2721723052091123, 'a3': 0.009099609396347257}. Best is trial 39 with value: 0.4965517241379309.
none:  foldsensemble/tf_efficientnetv2_b2_fold_3_model_epoch_6_0.4648_0.444.pth
hehe foldsensemble/tf_efficientnetv2_b2_fold_3_model_epoch_8_0.4471_0.371.pth
noob foldsensemble/tf_efficientnetv2_b2_fold_3_model_epoch_7_0.4192_0.270.pth
noob foldsensemble/tf_efficientnetv2_b2_fold_3_model_epoch_4_0.4103_0.343.pth
0.6309174241376543 0.23623131229540428 0.008882514586573999 0.12396874898036744

Val: 100%|██████████| 171/171 [02:57<00:00,  1.04s/it, eval_loss=0.0889, gpu_mem=8.68 GB]
Valid loss:0.0889
Val metric mean prob: 0.2536
Best metric at: 0.4932 0.4560  0.6958
Cf: [[4652   19]
 [  55   36]]
[I 2023-02-17 07:26:02,445] Trial 42 finished with value: 0.49315068493150693 and parameters: {'a1': 0.6309174241376543, 'a2': 0.23623131229540428, 'a3': 0.008882514586573999}. Best is trial 39 with value: 0.4965517241379309.
none:  foldsensemble/tf_efficientnetv2_b2_fold_3_model_epoch_6_0.4648_0.444.pth
hehe foldsensemble/tf_efficientnetv2_b2_fold_3_model_epoch_8_0.4471_0.371.pth
noob foldsensemble/tf_efficientnetv2_b2_fold_3_model_epoch_7_0.4192_0.270.pth
noob foldsensemble/tf_efficientnetv2_b2_fold_3_model_epoch_4_0.4103_0.343.pth
0.6028948244960181 0.2673551812856887 0.01723393898044477 0.11251605523784848

Val: 100%|██████████| 171/171 [02:55<00:00,  1.03s/it, eval_loss=0.0890, gpu_mem=8.68 GB]
Valid loss:0.0890
Val metric mean prob: 0.2552
Best metric at: 0.4932 0.4630  0.6958
Cf: [[4652   19]
 [  55   36]]
[I 2023-02-17 07:29:15,063] Trial 43 finished with value: 0.49315068493150693 and parameters: {'a1': 0.6028948244960181, 'a2': 0.2673551812856887, 'a3': 0.01723393898044477}. Best is trial 39 with value: 0.4965517241379309.
none:  foldsensemble/tf_efficientnetv2_b2_fold_3_model_epoch_6_0.4648_0.444.pth
hehe foldsensemble/tf_efficientnetv2_b2_fold_3_model_epoch_8_0.4471_0.371.pth
noob foldsensemble/tf_efficientnetv2_b2_fold_3_model_epoch_7_0.4192_0.270.pth
noob foldsensemble/tf_efficientnetv2_b2_fold_3_model_epoch_4_0.4103_0.343.pth
0.48951111533843084 0.29149678026352793 0.054465553518997636 0.1645265508790436

Val: 100%|██████████| 171/171 [02:59<00:00,  1.05s/it, eval_loss=0.0886, gpu_mem=8.68 GB]
Valid loss:0.0886
Val metric mean prob: 0.2546
Best metric at: 0.4865 0.4660  0.6956
Cf: [[4650   21]
 [  55   36]]
[I 2023-02-17 07:32:29,842] Trial 44 finished with value: 0.48648648648648646 and parameters: {'a1': 0.48951111533843084, 'a2': 0.29149678026352793, 'a3': 0.054465553518997636}. Best is trial 39 with value: 0.4965517241379309.
none:  foldsensemble/tf_efficientnetv2_b2_fold_3_model_epoch_6_0.4648_0.444.pth
hehe foldsensemble/tf_efficientnetv2_b2_fold_3_model_epoch_8_0.4471_0.371.pth
noob foldsensemble/tf_efficientnetv2_b2_fold_3_model_epoch_7_0.4192_0.270.pth
noob foldsensemble/tf_efficientnetv2_b2_fold_3_model_epoch_4_0.4103_0.343.pth
0.7498563823575459 0.207391420579879 0.005045180156012156 0.03770701690656292

Val: 100%|██████████| 171/171 [02:52<00:00,  1.01s/it, eval_loss=0.0896, gpu_mem=8.68 GB]
Valid loss:0.0896
Val metric mean prob: 0.2520
Best metric at: 0.4898 0.4510  0.6957
Cf: [[4651   20]
 [  55   36]]
[I 2023-02-17 07:35:38,498] Trial 45 finished with value: 0.48979591836734687 and parameters: {'a1': 0.7498563823575459, 'a2': 0.207391420579879, 'a3': 0.005045180156012156}. Best is trial 39 with value: 0.4965517241379309.
none:  foldsensemble/tf_efficientnetv2_b2_fold_3_model_epoch_6_0.4648_0.444.pth
hehe foldsensemble/tf_efficientnetv2_b2_fold_3_model_epoch_8_0.4471_0.371.pth
noob foldsensemble/tf_efficientnetv2_b2_fold_3_model_epoch_7_0.4192_0.270.pth
noob foldsensemble/tf_efficientnetv2_b2_fold_3_model_epoch_4_0.4103_0.343.pth
0.5549589022342347 0.256533717153129 0.019565436040325106 0.16894194457231118

Val: 100%|██████████| 171/171 [02:56<00:00,  1.03s/it, eval_loss=0.0885, gpu_mem=8.68 GB]
Valid loss:0.0885
Val metric mean prob: 0.2541
Best metric at: 0.4932 0.4630  0.6958
Cf: [[4652   19]
 [  55   36]]
[I 2023-02-17 07:38:46,702] Trial 46 finished with value: 0.49315068493150693 and parameters: {'a1': 0.5549589022342347, 'a2': 0.256533717153129, 'a3': 0.019565436040325106}. Best is trial 39 with value: 0.4965517241379309.
none:  foldsensemble/tf_efficientnetv2_b2_fold_3_model_epoch_6_0.4648_0.444.pth
hehe foldsensemble/tf_efficientnetv2_b2_fold_3_model_epoch_8_0.4471_0.371.pth
noob foldsensemble/tf_efficientnetv2_b2_fold_3_model_epoch_7_0.4192_0.270.pth
noob foldsensemble/tf_efficientnetv2_b2_fold_3_model_epoch_4_0.4103_0.343.pth
0.6192991419627888 0.2357234468935859 0.015117047401007937 0.12986036374261736

Val: 100%|██████████| 171/171 [02:53<00:00,  1.01s/it, eval_loss=0.0888, gpu_mem=8.68 GB]
Valid loss:0.0888
Val metric mean prob: 0.2535
Best metric at: 0.4966 0.4650  0.6959
Cf: [[4653   18]
 [  55   36]]
[I 2023-02-17 07:41:56,540] Trial 47 finished with value: 0.4965517241379309 and parameters: {'a1': 0.6192991419627888, 'a2': 0.2357234468935859, 'a3': 0.015117047401007937}. Best is trial 39 with value: 0.4965517241379309.
none:  foldsensemble/tf_efficientnetv2_b2_fold_3_model_epoch_6_0.4648_0.444.pth
hehe foldsensemble/tf_efficientnetv2_b2_fold_3_model_epoch_8_0.4471_0.371.pth
noob foldsensemble/tf_efficientnetv2_b2_fold_3_model_epoch_7_0.4192_0.270.pth
noob foldsensemble/tf_efficientnetv2_b2_fold_3_model_epoch_4_0.4103_0.343.pth
0.7014859747034802 0.23039501842711313 0.01185435907381852 0.05626464779558817

Val: 100%|██████████| 171/171 [03:01<00:00,  1.06s/it, eval_loss=0.0894, gpu_mem=8.68 GB]
Valid loss:0.0894
Val metric mean prob: 0.2533
Best metric at: 0.4932 0.4560  0.6958
Cf: [[4652   19]
 [  55   36]]
[I 2023-02-17 07:45:13,413] Trial 48 finished with value: 0.49315068493150693 and parameters: {'a1': 0.7014859747034802, 'a2': 0.23039501842711313, 'a3': 0.01185435907381852}. Best is trial 39 with value: 0.4965517241379309.
none:  foldsensemble/tf_efficientnetv2_b2_fold_3_model_epoch_6_0.4648_0.444.pth
hehe foldsensemble/tf_efficientnetv2_b2_fold_3_model_epoch_8_0.4471_0.371.pth
noob foldsensemble/tf_efficientnetv2_b2_fold_3_model_epoch_7_0.4192_0.270.pth
noob foldsensemble/tf_efficientnetv2_b2_fold_3_model_epoch_4_0.4103_0.343.pth
0.6343944075293313 0.18826153976413193 0.040077482428522306 0.13726657027801448

Val: 100%|██████████| 171/171 [02:57<00:00,  1.04s/it, eval_loss=0.0885, gpu_mem=8.68 GB]
Valid loss:0.0885
Val metric mean prob: 0.2503
Best metric at: 0.4762 0.4570  0.6901
Cf: [[4650   21]
 [  56   35]]
[I 2023-02-17 07:48:23,028] Trial 49 finished with value: 0.4761904761904762 and parameters: {'a1': 0.6343944075293313, 'a2': 0.18826153976413193, 'a3': 0.040077482428522306}. Best is trial 39 with value: 0.4965517241379309.
none:  foldsensemble/tf_efficientnetv2_b2_fold_3_model_epoch_6_0.4648_0.444.pth
hehe foldsensemble/tf_efficientnetv2_b2_fold_3_model_epoch_8_0.4471_0.371.pth
noob foldsensemble/tf_efficientnetv2_b2_fold_3_model_epoch_7_0.4192_0.270.pth
noob foldsensemble/tf_efficientnetv2_b2_fold_3_model_epoch_4_0.4103_0.343.pth
0.7463707336441683 0.20756771743082236 0.015479663515379346 0.030581885409630007

Val: 100%|██████████| 171/171 [02:58<00:00,  1.04s/it, eval_loss=0.0896, gpu_mem=8.68 GB]
Valid loss:0.0896
Val metric mean prob: 0.2516
Best metric at: 0.4832 0.4490  0.6954
Cf: [[4649   22]
 [  55   36]]
[I 2023-02-17 07:51:35,630] Trial 50 finished with value: 0.4832214765100671 and parameters: {'a1': 0.7463707336441683, 'a2': 0.20756771743082236, 'a3': 0.015479663515379346}. Best is trial 39 with value: 0.4965517241379309.
none:  foldsensemble/tf_efficientnetv2_b2_fold_3_model_epoch_6_0.4648_0.444.pth
hehe foldsensemble/tf_efficientnetv2_b2_fold_3_model_epoch_8_0.4471_0.371.pth
noob foldsensemble/tf_efficientnetv2_b2_fold_3_model_epoch_7_0.4192_0.270.pth
noob foldsensemble/tf_efficientnetv2_b2_fold_3_model_epoch_4_0.4103_0.343.pth
0.5934587855865325 0.24721877746411805 0.0072468379513718865 0.15207559899797754

Val: 100%|██████████| 171/171 [02:53<00:00,  1.02s/it, eval_loss=0.0887, gpu_mem=8.68 GB]
Valid loss:0.0887
Val metric mean prob: 0.2539
Best metric at: 0.4898 0.4590  0.6957
Cf: [[4651   20]
 [  55   36]]
[I 2023-02-17 07:54:41,564] Trial 51 finished with value: 0.48979591836734687 and parameters: {'a1': 0.5934587855865325, 'a2': 0.24721877746411805, 'a3': 0.0072468379513718865}. Best is trial 39 with value: 0.4965517241379309.
none:  foldsensemble/tf_efficientnetv2_b2_fold_3_model_epoch_6_0.4648_0.444.pth
hehe foldsensemble/tf_efficientnetv2_b2_fold_3_model_epoch_8_0.4471_0.371.pth
noob foldsensemble/tf_efficientnetv2_b2_fold_3_model_epoch_7_0.4192_0.270.pth
noob foldsensemble/tf_efficientnetv2_b2_fold_3_model_epoch_4_0.4103_0.343.pth
0.6406157368122587 0.23649930490229903 0.023076721213161788 0.09980823707228048

Val: 100%|██████████| 171/171 [02:52<00:00,  1.01s/it, eval_loss=0.0889, gpu_mem=8.68 GB]
Valid loss:0.0889
Val metric mean prob: 0.2538
Best metric at: 0.4932 0.4560  0.6958
Cf: [[4652   19]
 [  55   36]]
[I 2023-02-17 07:57:52,494] Trial 52 finished with value: 0.49315068493150693 and parameters: {'a1': 0.6406157368122587, 'a2': 0.23649930490229903, 'a3': 0.023076721213161788}. Best is trial 39 with value: 0.4965517241379309.
none:  foldsensemble/tf_efficientnetv2_b2_fold_3_model_epoch_6_0.4648_0.444.pth
hehe foldsensemble/tf_efficientnetv2_b2_fold_3_model_epoch_8_0.4471_0.371.pth
noob foldsensemble/tf_efficientnetv2_b2_fold_3_model_epoch_7_0.4192_0.270.pth
noob foldsensemble/tf_efficientnetv2_b2_fold_3_model_epoch_4_0.4103_0.343.pth
0.5380685659088933 0.28405273740843523 0.00229588450755652 0.17558281217511496

Val: 100%|██████████| 171/171 [02:58<00:00,  1.04s/it, eval_loss=0.0888, gpu_mem=8.68 GB]
Valid loss:0.0888
Val metric mean prob: 0.2552
Best metric at: 0.4865 0.4560  0.6956
Cf: [[4650   21]
 [  55   36]]
[I 2023-02-17 08:01:02,354] Trial 53 finished with value: 0.48648648648648646 and parameters: {'a1': 0.5380685659088933, 'a2': 0.28405273740843523, 'a3': 0.00229588450755652}. Best is trial 39 with value: 0.4965517241379309.
none:  foldsensemble/tf_efficientnetv2_b2_fold_3_model_epoch_6_0.4648_0.444.pth
hehe foldsensemble/tf_efficientnetv2_b2_fold_3_model_epoch_8_0.4471_0.371.pth
noob foldsensemble/tf_efficientnetv2_b2_fold_3_model_epoch_7_0.4192_0.270.pth
noob foldsensemble/tf_efficientnetv2_b2_fold_3_model_epoch_4_0.4103_0.343.pth
0.7052169857414715 0.2265355852209535 0.011733612976870759 0.05651381606070424

Val: 100%|██████████| 171/171 [03:01<00:00,  1.06s/it, eval_loss=0.0894, gpu_mem=8.68 GB]
Valid loss:0.0894
Val metric mean prob: 0.2532
Best metric at: 0.4932 0.4550  0.6958
Cf: [[4652   19]
 [  55   36]]
[I 2023-02-17 08:04:20,292] Trial 54 finished with value: 0.49315068493150693 and parameters: {'a1': 0.7052169857414715, 'a2': 0.2265355852209535, 'a3': 0.011733612976870759}. Best is trial 39 with value: 0.4965517241379309.
none:  foldsensemble/tf_efficientnetv2_b2_fold_3_model_epoch_6_0.4648_0.444.pth
hehe foldsensemble/tf_efficientnetv2_b2_fold_3_model_epoch_8_0.4471_0.371.pth
noob foldsensemble/tf_efficientnetv2_b2_fold_3_model_epoch_7_0.4192_0.270.pth
noob foldsensemble/tf_efficientnetv2_b2_fold_3_model_epoch_4_0.4103_0.343.pth
0.6020705927556879 0.25905858512673824 0.027664129031432082 0.11120669308614181

Val: 100%|██████████| 171/171 [02:52<00:00,  1.01s/it, eval_loss=0.0890, gpu_mem=8.68 GB]
Valid loss:0.0890
Val metric mean prob: 0.2544
Best metric at: 0.4898 0.4590  0.6957
Cf: [[4651   20]
 [  55   36]]
[I 2023-02-17 08:07:31,057] Trial 55 finished with value: 0.48979591836734687 and parameters: {'a1': 0.6020705927556879, 'a2': 0.25905858512673824, 'a3': 0.027664129031432082}. Best is trial 39 with value: 0.4965517241379309.
none:  foldsensemble/tf_efficientnetv2_b2_fold_3_model_epoch_6_0.4648_0.444.pth
hehe foldsensemble/tf_efficientnetv2_b2_fold_3_model_epoch_8_0.4471_0.371.pth
noob foldsensemble/tf_efficientnetv2_b2_fold_3_model_epoch_7_0.4192_0.270.pth
noob foldsensemble/tf_efficientnetv2_b2_fold_3_model_epoch_4_0.4103_0.343.pth
0.6582062351843442 0.24387074603084524 0.006050414833391717 0.09187260395141886

Val: 100%|██████████| 171/171 [02:59<00:00,  1.05s/it, eval_loss=0.0891, gpu_mem=8.68 GB]
Valid loss:0.0891
Val metric mean prob: 0.2542
Best metric at: 0.4932 0.4540  0.6958
Cf: [[4652   19]
 [  55   36]]
[I 2023-02-17 08:10:42,019] Trial 56 finished with value: 0.49315068493150693 and parameters: {'a1': 0.6582062351843442, 'a2': 0.24387074603084524, 'a3': 0.006050414833391717}. Best is trial 39 with value: 0.4965517241379309.
none:  foldsensemble/tf_efficientnetv2_b2_fold_3_model_epoch_6_0.4648_0.444.pth
hehe foldsensemble/tf_efficientnetv2_b2_fold_3_model_epoch_8_0.4471_0.371.pth
noob foldsensemble/tf_efficientnetv2_b2_fold_3_model_epoch_7_0.4192_0.270.pth
noob foldsensemble/tf_efficientnetv2_b2_fold_3_model_epoch_4_0.4103_0.343.pth




SWA FOLD 1

